SF:lib\bloc\drawer\drawer_bloc.dart
DA:7,3
DA:10,1
DA:13,1
DA:14,1
DA:15,2
DA:18,1
DA:19,3
DA:23,1
DA:24,2
DA:27,1
DA:28,2
LF:11
LH:11
end_of_record
SF:lib\bloc\drawer\drawer_event.dart
DA:6,1
DA:8,1
DA:9,1
DA:14,1
DA:16,1
DA:17,2
LF:6
LH:6
end_of_record
SF:lib\bloc\drawer\drawer_state.dart
DA:6,1
DA:8,0
DA:9,0
DA:13,1
DA:15,1
DA:16,1
DA:23,1
DA:25,1
DA:26,2
LF:9
LH:7
end_of_record
SF:lib\bloc\theme\theme_bloc.dart
DA:9,3
DA:12,1
DA:15,1
DA:16,2
DA:20,1
DA:21,3
DA:22,2
DA:25,1
DA:27,3
DA:30,1
DA:32,3
LF:11
LH:11
end_of_record
SF:lib\bloc\theme\theme_event.dart
DA:4,1
DA:6,0
DA:7,0
LF:3
LH:1
end_of_record
SF:lib\bloc\theme\theme_state.dart
DA:8,1
DA:10,1
DA:11,2
LF:3
LH:3
end_of_record
SF:lib\models\drawer_tile_entity.dart
DA:7,0
LF:1
LH:0
end_of_record
SF:lib\models\project_info.dart
DA:9,0
DA:11,0
DA:12,0
DA:14,0
DA:15,0
DA:16,0
DA:17,0
DA:18,0
DA:22,0
DA:24,0
LF:10
LH:0
end_of_record
SF:lib\models\screen_entity.dart
DA:11,0
LF:1
LH:0
end_of_record
SF:lib\models\screen_name.dart
DA:1,3
LF:1
LH:1
end_of_record
SF:lib\components\animated_screen.dart
DA:15,0
DA:24,0
DA:26,0
DA:28,0
DA:29,0
DA:30,0
DA:32,0
DA:33,0
DA:34,0
DA:35,0
DA:36,0
DA:37,0
DA:38,0
DA:39,0
DA:43,0
LF:15
LH:0
end_of_record
SF:lib\main.dart
DA:10,0
DA:11,0
DA:12,0
DA:13,0
DA:16,0
DA:20,0
DA:22,0
DA:27,0
DA:29,0
DA:30,0
DA:31,0
DA:34,0
DA:35,0
DA:36,0
DA:37,0
DA:38,0
DA:43,0
DA:44,0
DA:45,0
DA:46,0
LF:20
LH:0
end_of_record
SF:lib\screens\custom_drawer.dart
DA:9,0
DA:12,0
DA:15,0
DA:16,0
DA:18,0
DA:19,0
DA:21,0
DA:23,0
DA:24,0
DA:26,0
DA:28,0
DA:29,0
DA:33,0
DA:35,0
DA:36,0
DA:38,0
DA:40,0
DA:41,0
DA:45,0
DA:46,0
DA:48,0
DA:49,0
DA:50,0
DA:51,0
DA:52,0
LF:25
LH:0
end_of_record
SF:lib\screens\drawer_item.dart
DA:8,0
DA:10,0
DA:12,0
DA:13,0
DA:15,0
DA:16,0
DA:17,0
DA:18,0
DA:19,0
DA:21,0
DA:22,0
DA:23,0
DA:24,0
DA:25,0
DA:28,0
LF:15
LH:0
end_of_record
SF:lib\screens\screen_stack.dart
DA:10,0
DA:11,0
DA:29,0
DA:30,0
DA:31,0
DA:34,0
DA:36,0
DA:37,0
DA:40,0
DA:41,0
DA:44,0
DA:45,0
DA:46,0
DA:50,0
DA:51,0
DA:52,0
DA:56,0
DA:57,0
DA:58,0
DA:59,0
DA:62,0
DA:63,0
DA:64,0
DA:65,0
DA:69,0
DA:72,0
DA:76,0
DA:77,0
DA:78,0
DA:80,0
DA:81,0
DA:82,0
DA:84,0
DA:88,0
DA:90,0
DA:91,0
DA:92,0
DA:93,0
DA:96,0
DA:97,0
DA:99,0
DA:101,0
DA:105,0
DA:106,0
DA:107,0
DA:109,0
DA:110,0
DA:111,0
DA:113,0
DA:114,0
DA:115,0
DA:116,0
DA:118,0
DA:119,0
DA:120,0
DA:121,0
DA:128,0
DA:131,0
DA:132,0
DA:133,0
DA:134,0
DA:136,0
DA:137,0
DA:138,0
DA:139,0
LF:65
LH:0
end_of_record
SF:lib\components\theme_action_button.dart
DA:6,0
DA:9,0
DA:10,0
DA:11,0
DA:12,0
LF:5
LH:0
end_of_record
SF:lib\components\theme_switch.dart
DA:6,0
DA:8,0
DA:9,0
DA:10,0
DA:11,0
DA:12,0
LF:6
LH:0
end_of_record
SF:lib\theme\theme.dart
DA:3,0
DA:4,0
DA:5,0
DA:6,0
DA:8,0
DA:35,0
LF:6
LH:0
end_of_record
SF:lib\screens\about\about.dart
DA:8,0
LF:1
LH:0
end_of_record
SF:lib\screens\blog\blog.dart
DA:7,0
LF:1
LH:0
end_of_record
SF:lib\screens\projects\components\curve_painter.dart
DA:5,0
DA:7,0
DA:9,0
DA:10,0
DA:11,0
DA:13,0
DA:15,0
DA:16,0
DA:17,0
DA:18,0
DA:19,0
DA:20,0
DA:21,0
DA:23,0
DA:26,0
LF:15
LH:0
end_of_record
SF:lib\screens\projects\components\drawer_bar.dart
DA:6,0
DA:8,0
DA:11,0
DA:12,0
DA:13,0
DA:14,0
DA:17,0
LF:7
LH:0
end_of_record
SF:lib\screens\projects\components\profile_header\name_header.dart
DA:4,0
DA:6,0
DA:7,0
DA:9,0
DA:11,0
DA:12,0
DA:13,0
DA:14,0
LF:8
LH:0
end_of_record
SF:lib\screens\projects\components\profile_header\profile_description.dart
DA:4,0
DA:6,0
DA:7,0
DA:8,0
DA:10,0
DA:13,0
DA:15,0
DA:16,0
DA:17,0
DA:18,0
DA:19,0
DA:20,0
DA:22,0
DA:25,0
DA:26,0
DA:30,0
DA:31,0
DA:32,0
DA:33,0
DA:37,0
LF:20
LH:0
end_of_record
SF:lib\screens\projects\components\work_body\body.dart
DA:25,0
DA:27,0
DA:28,0
DA:29,0
DA:31,0
DA:32,0
DA:33,0
DA:34,0
DA:35,0
DA:38,0
DA:40,0
DA:42,0
DA:43,0
DA:45,0
DA:47,0
DA:48,0
LF:16
LH:0
end_of_record
SF:lib\screens\projects\components\work_body\card_scroll_list.dart
DA:9,0
DA:11,0
DA:13,0
DA:14,0
DA:15,0
DA:17,0
DA:18,0
DA:19,0
DA:20,0
DA:21,0
DA:22,0
DA:23,0
DA:24,0
DA:25,0
DA:26,0
DA:27,0
LF:16
LH:0
end_of_record
SF:lib\screens\projects\components\work_body\work_header.dart
DA:4,0
DA:6,0
DA:7,0
DA:8,0
DA:10,0
LF:5
LH:0
end_of_record
SF:lib\screens\projects\components\work_body\work_card.dart
DA:10,0
DA:12,0
DA:14,0
DA:15,0
DA:16,0
DA:17,0
DA:18,0
DA:20,0
DA:21,0
DA:22,0
DA:23,0
DA:24,0
DA:25,0
DA:26,0
DA:27,0
DA:28,0
DA:29,0
DA:32,0
DA:34,0
DA:35,0
DA:36,0
DA:40,0
DA:41,0
DA:42,0
DA:43,0
DA:44,0
DA:49,0
DA:51,0
DA:52,0
LF:29
LH:0
end_of_record
SF:lib\screens\projects\projects.dart
DA:6,0
LF:1
LH:0
end_of_record
